<?xml version="1.0" encoding="UTF-8"?>
<testsuite xmlns:xsi="http://www.w3.org/2001/XMLSchema-instance" xsi:noNamespaceSchemaLocation="https://maven.apache.org/surefire/maven-surefire-plugin/xsd/surefire-test-report-3.0.xsd" version="3.0" name="stepDefinations.TestRunner" time="0.718" tests="1" errors="0" skipped="0" failures="0">
  <properties>
[...]
</properties>
  <testcase name="Check login successful with valid credentials" classname="feature to test login functionality" time="0.13">
    <system-out><![CDATA[1st
2nd
3rd
4th
]]></system-out>
  </testcase>
</testsuite>